<?xml version="1.0" encoding="UTF-8"?>
<!-- Generated by org.testng.reporters.JUnitReportReporter -->
<testsuite skipped="0" hostname="LAPTOP-HU1V0RVJ" name="quicklearning.MavenProject.AppiumTest" tests="2" failures="0" timestamp="08 Jul 2019 17:48:03 GMT" time="0.012" errors="0">
  <testcase name="demo2" time="0.000" classname="quicklearning.MavenProject.AppiumTest"/>
  <testcase name="demo1" time="0.012" classname="quicklearning.MavenProject.AppiumTest"/>
</testsuite> <!-- quicklearning.MavenProject.AppiumTest -->
