<?xml version="1.0" encoding="UTF-8"?>
<!-- Generated by org.testng.reporters.JUnitReportReporter -->
<testsuite skipped="0" hostname="LAPTOP-HU1V0RVJ" name="quicklearning.MavenProject.AppTest" tests="1" failures="0" timestamp="08 Jul 2019 17:48:03 GMT" time="0.001" errors="0">
  <testcase name="testApp" time="0.001" classname="quicklearning.MavenProject.AppTest"/>
</testsuite> <!-- quicklearning.MavenProject.AppTest -->
